\BOOKMARK [0][-]{chapter*.2}{\376\377\000W\000e\000l\000c\000o\000m\000e\000\040\000a\000n\000d\000\040\000A\000c\000k\000n\000o\000w\000l\000e\000d\000g\000e\000m\000e\000n\000t\000s}{}% 1
\BOOKMARK [0][-]{chapter*.3}{\376\377\000K\000e\000y\000n\000o\000t\000e\000s}{}% 2
\BOOKMARK [1][-]{section*.4}{\376\377\000G\000l\000e\000n\000d\000a\000\040\000C\000o\000x\000\040\000\046\000\040\000B\000i\000a\000n\000c\000a\000\040\000M\000a\000s\000u\000k\000u}{chapter*.3}% 3
\BOOKMARK [1][-]{section*.6}{\376\377\000S\000a\000r\000a\000h\000\040\000E\000l\000a\000i\000n\000e\000\040\000E\000a\000t\000o\000n}{chapter*.3}% 4
\BOOKMARK [1][-]{section*.8}{\376\377\000N\000i\000c\000k\000\040\000B\000e\000r\000t\000r\000a\000n\000d}{chapter*.3}% 5
\BOOKMARK [1][-]{section*.10}{\376\377\000P\000a\000u\000l\000\040\000P\000r\000i\000n\000s\000l\000o\000o}{chapter*.3}% 6
\BOOKMARK [1][-]{section*.11}{\376\377\000C\000o\000n\000g\000r\000e\000s\000s\000\040\000E\000v\000e\000n\000t\000s}{chapter*.3}% 7
\BOOKMARK [0][-]{chapter.1}{\376\377\000S\000a\000t\000u\000r\000d\000a\000y\000,\000\040\000M\000a\000y\000\040\0002\0007\000\040\000|\000\040\000O\000n\000l\000i\000n\000e\000\040\000O\000n\000l\000y}{}% 8
\BOOKMARK [1][-]{section*.14}{\376\377\000W\000e\000l\000c\000o\000m\000e\000\040\000D\000e\000s\000k\000\040\000O\000p\000e\000n\000\040\000|\000\040\0001\0000\000:\0003\0000\000\040\000-\000\040\0001\0002\000:\0003\0000}{chapter.1}% 9
\BOOKMARK [1][-]{section*.15}{\376\377\000C\000o\000n\000f\000e\000r\000e\000n\000c\000e\000\040\000W\000e\000l\000c\000o\000m\000e\000,\000\040\000A\000n\000n\000o\000u\000n\000c\000e\000m\000e\000n\000t\000s\000\040\000\046\000\040\000L\000a\000n\000d\000\040\000A\000c\000k\000n\000o\000w\000l\000e\000d\000g\000e\000m\000e\000n\000t\000\040\000|\000\040\0001\0000\000:\0003\0000\000\040\000-\000\040\0001\0001\000:\0000\0000}{chapter.1}% 10
\BOOKMARK [1][-]{section*.16}{\376\377\000K\000e\000y\000n\000o\000t\000e\000\040\000|\000\040\0001\0001\000:\0000\0000\000\040\000-\000\040\0001\0002\000:\0000\0000}{chapter.1}% 11
\BOOKMARK [1][-]{section*.19}{\376\377\000B\000r\000e\000a\000k\000\040\000|\000\040\0001\0002\000:\0000\0000\000-\0001\0002\000:\0003\0000}{chapter.1}% 12
\BOOKMARK [1][-]{section*.20}{\376\377\000C\000o\000n\000c\000u\000r\000r\000e\000n\000t\000\040\000S\000e\000s\000s\000i\000o\000n\000\040\0001\000\040\000|\000\040\000I\000n\000v\000i\000t\000e\000d\000\040\000S\000p\000e\000a\000k\000e\000r\000s\000\040\000|\000\040\0001\0002\000:\0003\0000\000-\0001\000:\0001\0005}{chapter.1}% 13
\BOOKMARK [1][-]{section*.22}{\376\377\000B\000r\000e\000a\000k\000\040\000|\000\040\0001\000:\0001\0005\000-\0001\000:\0003\0000}{chapter.1}% 14
\BOOKMARK [1][-]{section*.23}{\376\377\000C\000o\000n\000c\000u\000r\000r\000e\000n\000t\000\040\000S\000e\000s\000s\000i\000o\000n\000\040\0002\000\040\000|\000\040\0001\000:\0003\0000\000-\0003\000:\0000\0000}{chapter.1}% 15
\BOOKMARK [1][-]{section*.42}{\376\377\000B\000r\000e\000a\000k\000\040\000|\000\040\0003\000:\0000\0000\000-\0003\000:\0001\0005}{chapter.1}% 16
\BOOKMARK [1][-]{section*.43}{\376\377\000S\000o\000c\000i\000a\000l\000\040\000|\000\040\0003\000:\0001\0005\000-\0003\000:\0004\0005}{chapter.1}% 17
\BOOKMARK [1][-]{section*.44}{\376\377\000C\000o\000n\000c\000u\000r\000r\000e\000n\000t\000\040\000S\000e\000s\000s\000i\000o\000n\000\040\0003\000\040\000|\000\040\0003\000:\0004\0005\000-\0005\000:\0001\0005}{chapter.1}% 18
\BOOKMARK [1][-]{section*.60}{\376\377\000B\000r\000e\000a\000k\000\040\000|\000\040\0005\000:\0001\0005\000-\0005\000:\0003\0000}{chapter.1}% 19
\BOOKMARK [1][-]{section*.62}{\376\377\000D\000i\000s\000c\000u\000s\000s\000i\000o\000n\000/\000N\000e\000t\000w\000o\000r\000k\000i\000n\000g\000\040\000P\000o\000d\000\040\000|\000\040\0006\000:\0001\0005\000-\0006\000:\0003\0000}{chapter.1}% 20
\BOOKMARK [0][-]{chapter.2}{\376\377\000S\000u\000n\000d\000a\000y\000,\000\040\000M\000a\000y\000\040\0002\0008\000\040\000|\000\040\000N\000o\000\040\000S\000e\000s\000s\000i\000o\000n\000s\000\040\000T\000r\000a\000v\000e\000l\000\040\000D\000a\000y}{}% 21
\BOOKMARK [0][-]{chapter.3}{\376\377\000M\000o\000n\000d\000a\000y\000,\000\040\000M\000a\000y\000\040\0002\0009\000\040\000|\000\040\000I\000n\000\040\000P\000e\000r\000s\000o\000n\000\040\000a\000t\000\040\000Y\000o\000r\000k\000\040\000U\000n\000i\000v\000e\000r\000s\000i\000t\000y}{}% 22
\BOOKMARK [1][-]{section*.65}{\376\377\000C\000o\000n\000t\000i\000n\000e\000n\000t\000a\000l\000\040\000B\000r\000e\000a\000k\000f\000a\000s\000t\000\040\000P\000r\000o\000v\000i\000d\000e\000d\000\040\000|\000\040\0008\000:\0000\0000\000-\0009\000:\0000\0000}{chapter.3}% 23
\BOOKMARK [1][-]{section*.66}{\376\377\000W\000e\000l\000c\000o\000m\000e\000\040\000D\000e\000s\000k\000\040\000O\000p\000e\000n\000\040\000|\000\040\0008\000:\0000\0000\000\040\000-\000\040\0001\0001\000:\0003\0000}{chapter.3}% 24
\BOOKMARK [1][-]{section*.67}{\376\377\000C\000o\000n\000f\000e\000r\000e\000n\000c\000e\000\040\000W\000e\000l\000c\000o\000m\000e\000,\000\040\000A\000n\000n\000o\000u\000n\000c\000e\000m\000e\000n\000t\000s\000\040\000\046\000\040\000L\000a\000n\000d\000\040\000A\000c\000k\000n\000o\000w\000l\000e\000d\000g\000e\000m\000e\000n\000t\000\040\000|\000\040\0009\000:\0000\0000\000-\0009\000:\0001\0005}{chapter.3}% 25
\BOOKMARK [1][-]{section*.68}{\376\377\000B\000r\000e\000a\000k\000\040\000|\000\040\0009\000:\0001\0005\000-\0009\000:\0003\0000}{chapter.3}% 26
\BOOKMARK [1][-]{section*.69}{\376\377\000C\000o\000n\000c\000u\000r\000r\000e\000n\000t\000\040\000S\000e\000s\000s\000i\000o\000n\000\040\0005\000\040\000|\000\040\0009\000:\0003\0000\000-\0001\0000\000:\0003\0000}{chapter.3}% 27
\BOOKMARK [1][-]{section*.79}{\376\377\000B\000r\000e\000a\000k\000\040\000|\000\040\0001\0000\000:\0003\0000\000-\0001\0001\000:\0000\0000}{chapter.3}% 28
\BOOKMARK [1][-]{section*.80}{\376\377\000K\000e\000y\000n\000o\000t\000e\000\040\000|\000\040\0001\0001\000:\0000\0000\000-\0001\0002\000:\0000\0000}{chapter.3}% 29
\BOOKMARK [1][-]{section*.83}{\376\377\000B\000r\000e\000a\000k\000\040\000|\000\040\0001\0002\000:\0000\0000\000-\0001\000:\0003\0000}{chapter.3}% 30
\BOOKMARK [1][-]{section*.84}{\376\377\000C\000o\000n\000c\000u\000r\000r\000e\000n\000t\000\040\000S\000e\000s\000s\000i\000o\000n\000\040\0006\000\040\000|\000\040\000I\000n\000v\000i\000t\000e\000d\000\040\000S\000p\000e\000a\000k\000e\000r\000s\000\040\000|\000\040\0001\000:\0003\0000\000-\0002\000:\0001\0005}{chapter.3}% 31
\BOOKMARK [1][-]{section*.87}{\376\377\000B\000r\000e\000a\000k\000\040\000|\000\040\0002\000:\0001\0005\000-\0002\000:\0003\0000}{chapter.3}% 32
\BOOKMARK [1][-]{section*.88}{\376\377\000C\000o\000n\000c\000u\000r\000r\000e\000n\000t\000\040\000S\000e\000s\000s\000i\000o\000n\000\040\0007\000\040\000|\000\040\0002\000:\0003\0000\000-\0003\000:\0000\0000}{chapter.3}% 33
\BOOKMARK [1][-]{section*.95}{\376\377\000B\000r\000e\000a\000k\000\040\000w\000i\000t\000h\000\040\000C\000o\000f\000f\000e\000e\000\040\000a\000n\000d\000\040\000S\000n\000a\000c\000k\000\040\000P\000r\000o\000v\000i\000d\000e\000d\000\040\000|\000\040\0003\000:\0000\0000\000-\0003\000:\0003\0000}{chapter.3}% 34
\BOOKMARK [1][-]{section*.96}{\376\377\000C\000o\000n\000c\000u\000r\000r\000e\000n\000t\000\040\000S\000e\000s\000s\000i\000o\000n\000\040\0008\000\040\000|\000\040\0003\000:\0003\0000\000-\0005\000:\0000\0000}{chapter.3}% 35
\BOOKMARK [1][-]{section*.108}{\376\377\000S\000e\000e\000\040\000C\000o\000n\000g\000r\000e\000s\000s\000\040\000P\000r\000o\000g\000r\000a\000m\000m\000i\000n\000g\000\040\000f\000o\000r\000\040\000S\000o\000c\000i\000a\000l\000\040\000T\000e\000n\000t\000\040\000\046\000\040\000F\000o\000o\000d\000\040\000O\000p\000t\000i\000o\000n\000s\000\040\000|\000\040\0005\000:\0000\0000\000-\0007\000:\0000\0000}{chapter.3}% 36
\BOOKMARK [1][-]{section*.109}{\376\377\000O\000T\000E\000S\000S\000A\000\040\000S\000o\000c\000i\000a\000l\000\040\000|\000\040\000L\000i\000f\000e\000\040\000S\000c\000i\000e\000n\000c\000e\000s\000\040\000B\000u\000i\000l\000d\000i\000n\000g\000\040\000L\000o\000b\000b\000y\000\040\000|\000\040\0007\000:\0000\0000\000-\0001\0001\000:\0005\0009}{chapter.3}% 37
\BOOKMARK [0][-]{chapter.4}{\376\377\000T\000u\000e\000s\000d\000a\000y\000,\000\040\000M\000a\000y\000\040\0003\0000\000\040\000|\000\040\000I\000n\000\040\000P\000e\000r\000s\000o\000n\000\040\000a\000t\000\040\000Y\000o\000r\000k\000\040\000U\000n\000i\000v\000e\000r\000s\000i\000t\000y}{}% 38
\BOOKMARK [1][-]{section*.112}{\376\377\000C\000o\000n\000t\000i\000n\000e\000n\000t\000a\000l\000\040\000B\000r\000e\000a\000k\000f\000a\000s\000t\000\040\000P\000r\000o\000v\000i\000d\000e\000d\000\040\000|\000\040\0008\000:\0000\0000\000-\0009\000:\0000\0000}{chapter.4}% 39
\BOOKMARK [1][-]{section*.113}{\376\377\000W\000e\000l\000c\000o\000m\000e\000\040\000D\000e\000s\000k\000\040\000O\000p\000e\000n\000\040\000|\000\040\0008\000:\0000\0000\000\040\000-\000\040\0001\0001\000:\0003\0000}{chapter.4}% 40
\BOOKMARK [1][-]{section*.114}{\376\377\000C\000o\000n\000f\000e\000r\000e\000n\000c\000e\000\040\000W\000e\000l\000c\000o\000m\000e\000,\000\040\000A\000n\000n\000o\000u\000n\000c\000e\000m\000e\000n\000t\000s\000\040\000\046\000\040\000L\000a\000n\000d\000\040\000A\000c\000k\000n\000o\000w\000l\000e\000d\000g\000e\000m\000e\000n\000t\000\040\000|\000\040\0009\000:\0000\0000\000-\0009\000:\0001\0005}{chapter.4}% 41
\BOOKMARK [1][-]{section*.115}{\376\377\000B\000r\000e\000a\000k\000\040\000|\000\040\0009\000:\0001\0005\000-\0009\000:\0003\0000}{chapter.4}% 42
\BOOKMARK [1][-]{section*.116}{\376\377\000C\000o\000n\000c\000u\000r\000r\000e\000n\000t\000\040\000S\000e\000s\000s\000i\000o\000n\000\040\0009\000\040\000|\000\040\0009\000:\0003\0000\000-\0001\0000\000:\0003\0000}{chapter.4}% 43
\BOOKMARK [1][-]{section*.125}{\376\377\000B\000r\000e\000a\000k\000\040\000|\000\040\0001\0000\000:\0003\0000\000-\0001\0001\000:\0000\0000}{chapter.4}% 44
\BOOKMARK [1][-]{section.4.1}{\376\377\000U\000n\000C\000o\000n\000f\000e\000r\000e\000n\000c\000e\000\040\000|\000\040\0001\0001\000:\0000\0000\000-\0001\0002\000:\0000\0000}{chapter.4}% 45
\BOOKMARK [1][-]{section*.126}{\376\377\000L\000u\000n\000c\000h\000\040\000B\000r\000e\000a\000k\000\040\000\046\000\040\000S\000t\000r\000e\000a\000m\000e\000d\000\040\000C\000o\000n\000g\000r\000e\000s\000s\000\040\000P\000r\000o\000g\000r\000a\000m\000m\000i\000n\000g\000\040\000|\000\040\0001\0002\000:\0000\0000\000-\0001\000:\0003\0000}{chapter.4}% 46
\BOOKMARK [1][-]{section*.127}{\376\377\000C\000o\000n\000c\000u\000r\000r\000e\000n\000t\000\040\000S\000e\000s\000s\000i\000o\000n\000\040\0001\0000\000\040\000|\000\040\000I\000n\000v\000i\000t\000e\000d\000\040\000S\000p\000e\000a\000k\000e\000r\000s\000\040\000|\000\040\0001\000:\0003\0000\000-\0002\000:\0003\0000}{chapter.4}% 47
\BOOKMARK [1][-]{section*.129}{\376\377\000C\000o\000n\000c\000u\000r\000r\000e\000n\000t\000\040\000S\000e\000s\000s\000i\000o\000n\000\040\0001\0001\000\040\000|\000\040\0002\000:\0003\0000\000-\0003\000:\0000\0000}{chapter.4}% 48
\BOOKMARK [1][-]{section.4.2}{\376\377\000B\000r\000e\000a\000k\000\040\000w\000i\000t\000h\000\040\000C\000o\000f\000f\000e\000e\000\040\000a\000n\000d\000\040\000S\000n\000a\000c\000k\000\040\000P\000r\000o\000v\000i\000d\000e\000d\000\040\000|\000\040\0003\000:\0000\0000\000-\0003\000:\0003\0000}{chapter.4}% 49
\BOOKMARK [1][-]{section*.137}{\376\377\000C\000o\000n\000c\000u\000r\000r\000e\000n\000t\000\040\000S\000e\000s\000s\000i\000o\000n\000\040\0001\0002\000\040\000|\000\040\0003\000:\0003\0000\000-\0005\000:\0000\0000}{chapter.4}% 50
\BOOKMARK [1][-]{section*.150}{\376\377\000S\000e\000e\000\040\000C\000o\000n\000g\000r\000e\000s\000s\000\040\000P\000r\000o\000g\000r\000a\000m\000m\000i\000n\000g\000\040\000f\000o\000r\000\040\000S\000o\000c\000i\000a\000l\000\040\000T\000e\000n\000t\000\040\000\046\000\040\000F\000o\000o\000d\000\040\000O\000p\000t\000i\000o\000n\000s\000\040\000|\000\040\0005\000:\0000\0000\000-\0007\000:\0000\0000}{chapter.4}% 51
\BOOKMARK [1][-]{section*.151}{\376\377\000O\000T\000E\000S\000S\000A\000\040\000S\000o\000c\000i\000a\000l\000\040\000|\000\040\000L\000i\000f\000e\000\040\000S\000c\000i\000e\000n\000c\000e\000s\000\040\000B\000u\000i\000l\000d\000i\000n\000g\000\040\000L\000o\000b\000b\000y\000\040\000|\000\040\0007\000:\0000\0000\000-\0001\0001\000:\0005\0009}{chapter.4}% 52
\BOOKMARK [0][-]{chapter.5}{\376\377\000W\000e\000d\000n\000e\000s\000d\000a\000y\000,\000\040\000M\000a\000y\000\040\0003\0001\000\040\000|\000\040\000I\000n\000\040\000P\000e\000r\000s\000o\000n\000\040\000a\000t\000\040\000Y\000o\000r\000k\000\040\000U\000n\000i\000v\000e\000r\000s\000i\000t\000y}{}% 53
\BOOKMARK [1][-]{section*.154}{\376\377\000C\000o\000n\000t\000i\000n\000e\000n\000t\000a\000l\000\040\000B\000r\000e\000a\000k\000f\000a\000s\000t\000\040\000P\000r\000o\000v\000i\000d\000e\000d\000\040\000|\000\040\0008\000:\0000\0000\000-\0009\000:\0000\0000}{chapter.5}% 54
\BOOKMARK [1][-]{section*.155}{\376\377\000W\000e\000l\000c\000o\000m\000e\000\040\000D\000e\000s\000k\000\040\000O\000p\000e\000n\000\040\000|\000\040\0008\000:\0000\0000\000\040\000-\000\040\0001\0001\000:\0003\0000}{chapter.5}% 55
\BOOKMARK [1][-]{section*.156}{\376\377\000C\000o\000n\000f\000e\000r\000e\000n\000c\000e\000\040\000W\000e\000l\000c\000o\000m\000e\000,\000\040\000A\000n\000n\000o\000u\000n\000c\000e\000m\000e\000n\000t\000s\000\040\000\046\000\040\000L\000a\000n\000d\000\040\000A\000c\000k\000n\000o\000w\000l\000e\000d\000g\000e\000m\000e\000n\000t\000\040\000|\000\040\0009\000:\0000\0000\000-\0009\000:\0001\0005}{chapter.5}% 56
\BOOKMARK [1][-]{section*.157}{\376\377\000B\000r\000e\000a\000k\000\040\000|\000\040\0009\000:\0001\0005\000-\0009\000:\0003\0000}{chapter.5}% 57
\BOOKMARK [1][-]{section*.158}{\376\377\000C\000o\000n\000c\000u\000r\000r\000e\000n\000t\000\040\000S\000e\000s\000s\000i\000o\000n\000\040\0001\0003\000\040\000|\000\040\0009\000:\0003\0000\000-\0001\0000\000:\0003\0000}{chapter.5}% 58
\BOOKMARK [1][-]{section*.167}{\376\377\000B\000r\000e\000a\000k\000\040\000|\000\040\0001\0000\000:\0003\0000\000-\0001\0001\000:\0000\0000}{chapter.5}% 59
\BOOKMARK [1][-]{section*.168}{\376\377\000K\000e\000y\000n\000o\000t\000e\000\040\000|\000\040\0001\0001\000:\0000\0000\000-\0001\0002\000:\0000\0000}{chapter.5}% 60
\BOOKMARK [1][-]{section*.171}{\376\377\000B\000r\000e\000a\000k\000\040\000|\000\040\0001\0002\000:\0000\0000\000-\0001\000:\0003\0000}{chapter.5}% 61
\BOOKMARK [1][-]{section*.172}{\376\377\000C\000o\000n\000c\000u\000r\000r\000e\000n\000t\000\040\000S\000e\000s\000s\000i\000o\000n\000\040\0001\0004\000\040\000|\000\040\000I\000n\000v\000i\000t\000e\000d\000\040\000S\000p\000e\000a\000k\000e\000r\000s\000\040\000|\000\040\0001\000:\0003\0000\000-\0002\000:\0001\0005}{chapter.5}% 62
\BOOKMARK [1][-]{section*.175}{\376\377\000B\000r\000e\000a\000k\000\040\000|\000\040\0002\000:\0001\0005\000-\0002\000:\0003\0000}{chapter.5}% 63
\BOOKMARK [1][-]{section*.176}{\376\377\000C\000o\000n\000c\000u\000r\000r\000e\000n\000t\000\040\000S\000e\000s\000s\000i\000o\000n\000\040\0001\0005\000\040\000|\000\040\0002\000:\0003\0000\000-\0003\000:\0000\0000}{chapter.5}% 64
\BOOKMARK [1][-]{section*.183}{\376\377\000B\000r\000e\000a\000k\000\040\000w\000i\000t\000h\000\040\000C\000o\000f\000f\000e\000e\000\040\000a\000n\000d\000\040\000S\000n\000a\000c\000k\000\040\000P\000r\000o\000v\000i\000d\000e\000d\000\040\000|\000\040\0003\000:\0000\0000\000-\0003\000:\0003\0000}{chapter.5}% 65
\BOOKMARK [1][-]{section*.184}{\376\377\000C\000o\000n\000c\000u\000r\000r\000e\000n\000t\000\040\000S\000e\000s\000s\000i\000o\000n\000\040\0001\0006\000\040\000|\000\040\0003\000:\0003\0000\000-\0005\000:\0000\0000}{chapter.5}% 66
\BOOKMARK [1][-]{section*.197}{\376\377\000C\000o\000n\000g\000r\000e\000s\000s\000\040\000P\000r\000e\000s\000i\000d\000e\000n\000t\000\040\000R\000e\000c\000e\000p\000t\000i\000o\000n\000\040\000|\000\040\0005\000:\0000\0000\000-\0007\000:\0000\0000}{chapter.5}% 67
\BOOKMARK [1][-]{section*.198}{\376\377\000O\000T\000E\000S\000S\000A\000\040\000S\000o\000c\000i\000a\000l\000\040\000|\000\040\000L\000i\000f\000e\000\040\000S\000c\000i\000e\000n\000c\000e\000s\000\040\000B\000u\000i\000l\000d\000i\000n\000g\000\040\000L\000o\000b\000b\000y\000\040\000|\000\040\0007\000:\0000\0000\000-\0001\0001\000:\0005\0009}{chapter.5}% 68
\BOOKMARK [0][-]{chapter.6}{\376\377\000T\000h\000u\000r\000s\000d\000a\000y\000,\000\040\000J\000u\000n\000e\000\040\0001\000\040\000|\000\040\000N\000o\000\040\000S\000e\000s\000s\000i\000o\000n\000s\000\040\000-\000\040\000T\000r\000a\000v\000e\000l\000\040\000D\000a\000y}{}% 69
\BOOKMARK [0][-]{chapter.7}{\376\377\000F\000r\000i\000d\000a\000y\000,\000\040\000J\000u\000n\000e\000\040\0002\000\040\000-\000\040\000O\000n\000l\000i\000n\000e\000\040\000S\000e\000s\000s\000i\000o\000n\000s\000\040\000O\000n\000l\000y}{}% 70
\BOOKMARK [1][-]{section*.201}{\376\377\000W\000e\000l\000c\000o\000m\000e\000\040\000D\000e\000s\000k\000\040\000O\000p\000e\000n\000\040\000|\000\040\0001\0000\000:\0000\0000\000\040\000-\000\040\0001\0002\000:\0003\0000}{chapter.7}% 71
\BOOKMARK [1][-]{section*.202}{\376\377\000C\000o\000n\000f\000e\000r\000e\000n\000c\000e\000\040\000W\000e\000l\000c\000o\000m\000e\000,\000\040\000A\000n\000n\000o\000u\000n\000c\000e\000m\000e\000n\000t\000s\000\040\000\046\000\040\000L\000a\000n\000d\000\040\000A\000c\000k\000n\000o\000w\000l\000e\000d\000g\000e\000m\000e\000n\000t\000\040\000|\000\040\0001\0000\000:\0003\0000\000-\0001\0001\000:\0000\0000}{chapter.7}% 72
\BOOKMARK [1][-]{section*.203}{\376\377\000K\000e\000y\000n\000o\000t\000e\000\040\000|\000\040\0001\0001\000:\0000\0000\000-\0001\0002\000:\0000\0000}{chapter.7}% 73
\BOOKMARK [1][-]{section*.206}{\376\377\000B\000r\000e\000a\000k\000\040\000|\000\040\0001\0002\000:\0000\0000\000-\0001\0002\000:\0003\0000}{chapter.7}% 74
\BOOKMARK [1][-]{section*.207}{\376\377\000C\000o\000n\000c\000u\000r\000r\000e\000n\000t\000\040\000S\000e\000s\000s\000i\000o\000n\000\040\0001\0007\000\040\000|\000\040\000I\000n\000v\000i\000t\000e\000d\000\040\000S\000p\000e\000a\000k\000e\000r\000s\000\040\000|\000\040\0001\0002\000:\0003\0000\000-\0001\000:\0001\0005}{chapter.7}% 75
\BOOKMARK [1][-]{section*.210}{\376\377\000B\000r\000e\000a\000k\000\040\000|\000\040\0001\000:\0000\0005\000-\0001\000:\0003\0000}{chapter.7}% 76
\BOOKMARK [1][-]{section*.211}{\376\377\000C\000o\000n\000c\000u\000r\000r\000e\000n\000t\000\040\000S\000e\000s\000s\000i\000o\000n\000\040\0001\0008\000\040\000|\000\040\0001\000:\0003\0000\000-\0003\000:\0000\0000}{chapter.7}% 77
\BOOKMARK [1][-]{section*.229}{\376\377\000B\000r\000e\000a\000k\000\040\000|\000\040\0003\000:\0000\0000\000-\0003\000:\0001\0005}{chapter.7}% 78
\BOOKMARK [1][-]{section*.230}{\376\377\000S\000o\000c\000i\000a\000l\000\040\000|\000\040\0003\000:\0001\0005\000-\0003\000:\0004\0005}{chapter.7}% 79
\BOOKMARK [1][-]{section*.231}{\376\377\000C\000o\000n\000c\000u\000r\000r\000e\000n\000t\000\040\000S\000e\000s\000s\000i\000o\000n\000\040\0001\0009\000\040\000|\000\040\0003\000:\0004\0005\000-\0005\000:\0001\0005}{chapter.7}% 80
\BOOKMARK [1][-]{section*.243}{\376\377\000B\000r\000e\000a\000k\000\040\000|\000\040\0005\000:\0001\0005\000-\0005\000:\0003\0000}{chapter.7}% 81
\BOOKMARK [1][-]{section*.244}{\376\377\000C\000o\000n\000c\000u\000r\000r\000e\000n\000t\000\040\000S\000e\000s\000s\000i\000o\000n\000\040\0002\0000\000\040\000|\000\040\000I\000n\000v\000i\000t\000e\000d\000\040\000S\000p\000e\000a\000k\000e\000r\000s\000\040\000|\000\040\0005\000:\0003\0000\000-\0006\000:\0001\0005}{chapter.7}% 82
\BOOKMARK [1][-]{section*.247}{\376\377\000C\000o\000n\000f\000e\000r\000e\000n\000c\000e\000\040\000C\000l\000o\000s\000i\000n\000g\000\040\000|\000\040\0006\000:\0001\0005\000-\0006\000:\0003\0000}{chapter.7}% 83
\BOOKMARK [0][-]{chapter*.248}{\376\377\000A\000s\000y\000n\000c\000h\000r\000o\000n\000o\000u\000s\000\040\000P\000r\000e\000s\000e\000n\000t\000a\000t\000i\000o\000n\000s\000\040\000|\000\040\000S\000a\000t\000u\000r\000d\000a\000y\000,\000\040\000M\000a\000y\000\040\0002\0007\000\040\000-\000\040\000F\000r\000i\000d\000a\000y\000,\000\040\000J\000u\000n\000e\000\040\0002}{}% 84
